<?xml version="1.0" encoding="UTF-8"?>
<testng-results ignored="0" total="0" passed="0" failed="0" skipped="0">
  <reporter-output>
  </reporter-output>
  <suite started-at="2022-09-09T17:12:10 TRT" name="com.planetpope.cucumber.RunCucumberTest" finished-at="2022-09-09T17:12:10 TRT" duration-ms="12">
    <groups>
    </groups>
    <test started-at="2022-09-09T17:12:10 TRT" name="Command line test" finished-at="2022-09-09T17:12:10 TRT" duration-ms="12">
    </test> <!-- Command line test -->
  </suite> <!-- com.planetpope.cucumber.RunCucumberTest -->
</testng-results>
